<?xml version="1.0" encoding="UTF-8"?>
<testng-results ignored="0" total="2" passed="1" failed="1" skipped="0">
  <reporter-output>
  </reporter-output>
  <suite started-at="2020-07-09T09:05:14 CEST" name="All Test Suite" finished-at="2020-07-09T09:05:42 CEST" duration-ms="27401">
    <groups>
    </groups>
    <test started-at="2020-07-09T09:05:14 CEST" name="../FirstOne" finished-at="2020-07-09T09:05:42 CEST" duration-ms="27401">
      <class name="carrera.acceptCookies">
        <test-method is-config="true" signature="Init()[pri:0, instance:carrera.acceptCookies@600b90df]" started-at="2020-07-09T09:05:14 CEST" name="Init" finished-at="2020-07-09T09:05:20 CEST" duration-ms="6154" status="PASS">
          <reporter-output>
          </reporter-output>
        </test-method> <!-- Init -->
        <test-method signature="validateCookies()[pri:0, instance:carrera.acceptCookies@600b90df]" started-at="2020-07-09T09:05:20 CEST" name="validateCookies" finished-at="2020-07-09T09:05:41 CEST" duration-ms="20417" status="FAIL">
          <exception class="org.openqa.selenium.TimeoutException">
            <message>
              <![CDATA[Expected condition failed: waiting for text ('Niniejsza strona korzysta z plikĂłw cookie') to be present in element found by By.xpath: //*[@id='CybotCookiebotDialog'] (tried for 20 second(s) with 500 milliseconds interval)
Build info: version: '3.141.59', revision: 'e82be7d358', time: '2018-11-14T08:17:03'
System info: host: 'DESKTOP-HVUVTGH', ip: '192.168.0.213', os.name: 'Windows 10', os.arch: 'amd64', os.version: '10.0', java.version: '14.0.1'
Driver info: org.openqa.selenium.chrome.ChromeDriver
Capabilities {acceptInsecureCerts: false, browserName: chrome, browserVersion: 83.0.4103.116, chrome: {chromedriverVersion: 83.0.4103.39 (ccbf011cb2d2b..., userDataDir: C:\Users\48604\AppData\Loca...}, goog:chromeOptions: {debuggerAddress: localhost:58166}, javascriptEnabled: true, networkConnectionEnabled: false, pageLoadStrategy: normal, platform: WINDOWS, platformName: WINDOWS, proxy: Proxy(), setWindowRect: true, strictFileInteractability: false, timeouts: {implicit: 0, pageLoad: 300000, script: 30000}, unhandledPromptBehavior: dismiss and notify, webauthn:virtualAuthenticators: true}
Session ID: 399be02c2d3afd709802d7e97dba00b1]]>
            </message>
            <full-stacktrace>
              <![CDATA[org.openqa.selenium.TimeoutException: Expected condition failed: waiting for text ('Niniejsza strona korzysta z plikĂłw cookie') to be present in element found by By.xpath: //*[@id='CybotCookiebotDialog'] (tried for 20 second(s) with 500 milliseconds interval)
Build info: version: '3.141.59', revision: 'e82be7d358', time: '2018-11-14T08:17:03'
System info: host: 'DESKTOP-HVUVTGH', ip: '192.168.0.213', os.name: 'Windows 10', os.arch: 'amd64', os.version: '10.0', java.version: '14.0.1'
Driver info: org.openqa.selenium.chrome.ChromeDriver
Capabilities {acceptInsecureCerts: false, browserName: chrome, browserVersion: 83.0.4103.116, chrome: {chromedriverVersion: 83.0.4103.39 (ccbf011cb2d2b..., userDataDir: C:\Users\48604\AppData\Loca...}, goog:chromeOptions: {debuggerAddress: localhost:58166}, javascriptEnabled: true, networkConnectionEnabled: false, pageLoadStrategy: normal, platform: WINDOWS, platformName: WINDOWS, proxy: Proxy(), setWindowRect: true, strictFileInteractability: false, timeouts: {implicit: 0, pageLoad: 300000, script: 30000}, unhandledPromptBehavior: dismiss and notify, webauthn:virtualAuthenticators: true}
Session ID: 399be02c2d3afd709802d7e97dba00b1
at org.openqa.selenium.support.ui.WebDriverWait.timeoutException(WebDriverWait.java:95)
at org.openqa.selenium.support.ui.FluentWait.until(FluentWait.java:272)
at carrera.acceptCookies.validateCookies(acceptCookies.java:30)
at java.base/jdk.internal.reflect.NativeMethodAccessorImpl.invoke0(Native Method)
at java.base/jdk.internal.reflect.NativeMethodAccessorImpl.invoke(NativeMethodAccessorImpl.java:62)
at java.base/jdk.internal.reflect.DelegatingMethodAccessorImpl.invoke(DelegatingMethodAccessorImpl.java:43)
at java.base/java.lang.reflect.Method.invoke(Method.java:564)
at org.testng.internal.MethodInvocationHelper.invokeMethod(MethodInvocationHelper.java:134)
at org.testng.internal.TestInvoker.invokeMethod(TestInvoker.java:597)
at org.testng.internal.TestInvoker.invokeTestMethod(TestInvoker.java:173)
at org.testng.internal.MethodRunner.runInSequence(MethodRunner.java:46)
at org.testng.internal.TestInvoker$MethodInvocationAgent.invoke(TestInvoker.java:816)
at org.testng.internal.TestInvoker.invokeTestMethods(TestInvoker.java:146)
at org.testng.internal.TestMethodWorker.invokeTestMethods(TestMethodWorker.java:146)
at org.testng.internal.TestMethodWorker.run(TestMethodWorker.java:128)
at java.base/java.util.concurrent.ThreadPoolExecutor.runWorker(ThreadPoolExecutor.java:1130)
at java.base/java.util.concurrent.ThreadPoolExecutor$Worker.run(ThreadPoolExecutor.java:630)
at java.base/java.lang.Thread.run(Thread.java:832)
]]>
            </full-stacktrace>
          </exception> <!-- org.openqa.selenium.TimeoutException -->
          <reporter-output>
          </reporter-output>
        </test-method> <!-- validateCookies -->
        <test-method is-config="true" signature="teardown()[pri:0, instance:carrera.acceptCookies@600b90df]" started-at="2020-07-09T09:05:41 CEST" name="teardown" finished-at="2020-07-09T09:05:42 CEST" duration-ms="775" status="PASS">
          <reporter-output>
          </reporter-output>
        </test-method> <!-- teardown -->
      </class> <!-- carrera.acceptCookies -->
      <class name="carrera.navBarDisplayed">
        <test-method is-config="true" signature="Init()[pri:0, instance:carrera.navBarDisplayed@7c8c9a05]" started-at="2020-07-09T09:05:14 CEST" name="Init" finished-at="2020-07-09T09:05:20 CEST" duration-ms="6154" status="PASS">
          <reporter-output>
          </reporter-output>
        </test-method> <!-- Init -->
        <test-method signature="navBarDisplayed()[pri:0, instance:carrera.navBarDisplayed@7c8c9a05]" started-at="2020-07-09T09:05:20 CEST" name="navBarDisplayed" finished-at="2020-07-09T09:05:26 CEST" duration-ms="5134" status="PASS">
          <reporter-output>
          </reporter-output>
        </test-method> <!-- navBarDisplayed -->
        <test-method is-config="true" signature="tearDown()[pri:0, instance:carrera.navBarDisplayed@7c8c9a05]" started-at="2020-07-09T09:05:26 CEST" name="tearDown" finished-at="2020-07-09T09:05:26 CEST" duration-ms="714" status="PASS">
          <reporter-output>
          </reporter-output>
        </test-method> <!-- tearDown -->
      </class> <!-- carrera.navBarDisplayed -->
    </test> <!-- ../FirstOne -->
  </suite> <!-- All Test Suite -->
</testng-results>
